<?xml version="1.0" encoding="UTF-8"?>
<!-- Generated by org.testng.reporters.JUnitXMLReporter -->
<testsuite ignored="0" hostname="DESKTOP-KS0FI3D" failures="0" tests="6" name="Default test" time="0.116" errors="0" timestamp="2022-04-18T08:15:40 IST">
  <testcase classname="Testing.Testng" name="testcase1" time="0.012"/>
  <testcase classname="Testing.Testng" name="testcase3" time="0.002"/>
  <testcase classname="Testing.Testng" name="testcase5" time="0.001"/>
  <testcase classname="Testing.Testng" name="testcase2" time="0.001"/>
  <testcase classname="Testing.Testng" name="testcase4" time="0.002"/>
  <testcase classname="Testing.Testng" name="testcase6" time="0.001"/>
</testsuite> <!-- Default test -->
