<?xml version="1.0" encoding="UTF-8"?>
<!-- Generated by org.testng.reporters.JUnitXMLReporter -->
<testsuite ignored="2" hostname="DESKTOP-KS0FI3D" failures="0" tests="4" name="Test1" time="0.155" errors="0" timestamp="2022-04-15T10:19:33 IST">
  <testcase classname="Testing.Testng" name="testcase3" time="0.012"/>
  <testcase classname="Testing.Testng" name="testcase5" time="0.005"/>
  <testcase classname="Testing.Testng" name="testcase4" time="0.004"/>
  <testcase classname="Testing.Testng" name="testcase6" time="0.002"/>
  <testcase classname="Testing.Testng" name="testcase2" time="0.0">
    <ignored/>
  </testcase> <!-- testcase2 -->
  <testcase classname="Testing.Testng" name="testcase1" time="0.0">
    <ignored/>
  </testcase> <!-- testcase1 -->
</testsuite> <!-- Test1 -->
