<?xml version="1.0" encoding="UTF-8"?>
<testng-results ignored="0" total="6" passed="6" failed="0" skipped="0">
  <reporter-output>
  </reporter-output>
  <suite started-at="2022-04-18T08:15:40 IST" name="Default suite" finished-at="2022-04-18T08:15:40 IST" duration-ms="116">
    <groups>
      <group name="IntegrationTest">
        <method signature="Testng.testcase3()[pri:49, instance:Testing.Testng@26275bef]" name="testcase3" class="Testing.Testng"/>
        <method signature="Testng.testcase4()[pri:50, instance:Testing.Testng@26275bef]" name="testcase4" class="Testing.Testng"/>
      </group> <!-- IntegrationTest -->
      <group name="RegressionTest">
        <method signature="Testng.testcase5()[pri:49, instance:Testing.Testng@26275bef]" name="testcase5" class="Testing.Testng"/>
        <method signature="Testng.testcase6()[pri:50, instance:Testing.Testng@26275bef]" name="testcase6" class="Testing.Testng"/>
      </group> <!-- RegressionTest -->
      <group name="UnitTest">
        <method signature="Testng.testcase1()[pri:49, instance:Testing.Testng@26275bef]" name="testcase1" class="Testing.Testng"/>
        <method signature="Testng.testcase2()[pri:50, instance:Testing.Testng@26275bef]" name="testcase2" class="Testing.Testng"/>
      </group> <!-- UnitTest -->
    </groups>
    <test started-at="2022-04-18T08:15:40 IST" name="Default test" finished-at="2022-04-18T08:15:40 IST" duration-ms="116">
      <class name="Testing.Testng">
        <test-method signature="testcase1()[pri:49, instance:Testing.Testng@26275bef]" started-at="2022-04-18T08:15:40 IST" name="testcase1" finished-at="2022-04-18T08:15:40 IST" duration-ms="12" status="PASS">
          <reporter-output>
          </reporter-output>
        </test-method> <!-- testcase1 -->
        <test-method signature="testcase3()[pri:49, instance:Testing.Testng@26275bef]" started-at="2022-04-18T08:15:40 IST" name="testcase3" finished-at="2022-04-18T08:15:40 IST" duration-ms="2" status="PASS">
          <reporter-output>
          </reporter-output>
        </test-method> <!-- testcase3 -->
        <test-method signature="testcase5()[pri:49, instance:Testing.Testng@26275bef]" started-at="2022-04-18T08:15:40 IST" name="testcase5" finished-at="2022-04-18T08:15:40 IST" duration-ms="1" status="PASS">
          <reporter-output>
          </reporter-output>
        </test-method> <!-- testcase5 -->
        <test-method signature="testcase2()[pri:50, instance:Testing.Testng@26275bef]" started-at="2022-04-18T08:15:40 IST" name="testcase2" finished-at="2022-04-18T08:15:40 IST" duration-ms="1" status="PASS">
          <reporter-output>
          </reporter-output>
        </test-method> <!-- testcase2 -->
        <test-method signature="testcase4()[pri:50, instance:Testing.Testng@26275bef]" started-at="2022-04-18T08:15:40 IST" name="testcase4" finished-at="2022-04-18T08:15:40 IST" duration-ms="2" status="PASS">
          <reporter-output>
          </reporter-output>
        </test-method> <!-- testcase4 -->
        <test-method signature="testcase6()[pri:50, instance:Testing.Testng@26275bef]" started-at="2022-04-18T08:15:40 IST" name="testcase6" finished-at="2022-04-18T08:15:40 IST" duration-ms="1" status="PASS">
          <reporter-output>
          </reporter-output>
        </test-method> <!-- testcase6 -->
      </class> <!-- Testing.Testng -->
    </test> <!-- Default test -->
  </suite> <!-- Default suite -->
</testng-results>
